2025-06-07 11:44:59,405 - INFO - Starting preprocessing pipeline
2025-06-07 11:44:59,435 - INFO - Successfully loaded data from ../data/cleaned_reviews.csv
2025-06-07 11:44:59,435 - INFO - Initial shape: (1229, 5)
2025-06-07 11:44:59,435 - INFO - Removed 95 duplicate reviews
2025-06-07 11:44:59,435 - INFO - Removed 0 rows with missing data
2025-06-07 11:44:59,457 - INFO - Normalized dates, removed 0 invalid entries
2025-06-07 11:44:59,469 - INFO - Successfully saved processed data to ../data/processed_reviews.csv
2025-06-07 11:44:59,469 - INFO - 
=== Preprocessing Summary ===
2025-06-07 11:44:59,469 - INFO - Final dataset shape: (1134, 5)
2025-06-07 11:44:59,469 - INFO - Total reviews processed: 1134
2025-06-07 11:44:59,469 - INFO - 
Sample of processed data:
2025-06-07 11:44:59,469 - INFO -                                                                                                             review  rating        date                         bank       source
0  "Why donï¿½t your ATMs support account-to-account transfers like other countries( Kenya, Nigeria , South africa)"       4  2025-06-06  Commercial Bank of Ethiopia  Google Play
1                                                                                      what is this app problem???       1  2025-06-05  Commercial Bank of Ethiopia  Google Play
2                                                                     the app is proactive and a good connections.       5  2025-06-05  Commercial Bank of Ethiopia  Google Play
2025-06-08 13:28:03,164 - INFO - Starting preprocessing pipeline
2025-06-08 13:28:03,202 - INFO - Successfully loaded data from D:\AI-projects\fintech-mobile-banking-apps-analysis\data\cleaned_reviews.csv
2025-06-08 13:28:03,202 - INFO - Initial shape: (1231, 5)
2025-06-08 13:28:03,202 - INFO - Removed 95 duplicate reviews
2025-06-08 13:28:03,202 - INFO - Removed 0 rows with missing data
2025-06-08 13:28:03,224 - INFO - Normalized dates, removed 0 invalid entries
2025-06-08 13:28:03,224 - INFO - Successfully saved processed data to D:\AI-projects\fintech-mobile-banking-apps-analysis\data\processed_reviews.csv
2025-06-08 13:28:03,224 - INFO - 
=== Preprocessing Summary ===
2025-06-08 13:28:03,224 - INFO - Final dataset shape: (1136, 5)
2025-06-08 13:28:03,224 - INFO - Total reviews processed: 1136
2025-06-08 13:28:03,224 - INFO - 
Sample of processed data:
2025-06-08 13:28:03,237 - INFO -                                                                                                             review  rating        date                         bank       source
0                                                        really am happy to this app it is Siple to use everything       5  2025-06-07  Commercial Bank of Ethiopia  Google Play
1                                I liked this app. But the User interface is very basic and not attractive at all.       2  2025-06-07  Commercial Bank of Ethiopia  Google Play
2  "Why don’t your ATMs support account-to-account transfers like other countries( Kenya, Nigeria , South africa)"       4  2025-06-06  Commercial Bank of Ethiopia  Google Play
